<?xml version="1.0" encoding="UTF-8"?>
<!-- Generated by org.testng.reporters.JUnitReportReporter -->
<testsuite hostname="LSTKMY234515" failures="0" tests="1" name="remoteTesting.dockerValidation.firefoxTest1" time="18.513" errors="1" timestamp="2023-03-02T15:38:39 CST" skipped="0">
  <testcase classname="remoteTesting.dockerValidation.firefoxTest1" name="main" time="18.513">
    <error message="Error communicating with the remote browser. It may have died.
Build info: version: &#039;4.8.1&#039;, revision: &#039;8ebccac989&#039;
System info: os.name: &#039;Windows 11&#039;, os.arch: &#039;amd64&#039;, os.version: &#039;10.0&#039;, java.version: &#039;17.0.5&#039;
Driver info: org.openqa.selenium.remote.RemoteWebDriver
Command: [4ee88095-6413-45dc-88fa-a7cabc55b4e6, get {url=http://www.newgrounds.com}]
Capabilities {acceptInsecureCerts: false, browserName: firefox, browserVersion: 110.0, moz:accessibilityChecks: false, moz:buildID: 20230214051806, moz:geckodriverVersion: 0.32.1, moz:headless: false, moz:platformVersion: 5.19.0-31-generic, moz:processID: 663, moz:profile: /tmp/rust_mozprofileWjXk0J, moz:shutdownTimeout: 60000, moz:useNonSpecCompliantPointerOrigin: false, moz:webdriverClick: true, moz:windowless: false, pageLoadStrategy: normal, platformName: LINUX, proxy: Proxy(), se:bidi: ws://172.18.0.4:4444/sessio..., se:cdp: ws://172.18.0.4:4444/sessio..., se:noVncPort: 7900, se:vnc: ws://172.18.0.4:4444/sessio..., se:vncEnabled: true, se:vncLocalAddress: ws://172.18.0.4:7900, setWindowRect: true, strictFileInteractability: false, timeouts: {implicit: 0, pageLoad: 300000, script: 30000}, unhandledPromptBehavior: dismiss and notify}
Session ID: 4ee88095-6413-45dc-88fa-a7cabc55b4e6" type="org.openqa.selenium.remote.UnreachableBrowserException">
      <![CDATA[org.openqa.selenium.remote.UnreachableBrowserException: Error communicating with the remote browser. It may have died.
Build info: version: '4.8.1', revision: '8ebccac989'
System info: os.name: 'Windows 11', os.arch: 'amd64', os.version: '10.0', java.version: '17.0.5'
Driver info: org.openqa.selenium.remote.RemoteWebDriver
Command: [4ee88095-6413-45dc-88fa-a7cabc55b4e6, get {url=http://www.newgrounds.com}]
Capabilities {acceptInsecureCerts: false, browserName: firefox, browserVersion: 110.0, moz:accessibilityChecks: false, moz:buildID: 20230214051806, moz:geckodriverVersion: 0.32.1, moz:headless: false, moz:platformVersion: 5.19.0-31-generic, moz:processID: 663, moz:profile: /tmp/rust_mozprofileWjXk0J, moz:shutdownTimeout: 60000, moz:useNonSpecCompliantPointerOrigin: false, moz:webdriverClick: true, moz:windowless: false, pageLoadStrategy: normal, platformName: LINUX, proxy: Proxy(), se:bidi: ws://172.18.0.4:4444/sessio..., se:cdp: ws://172.18.0.4:4444/sessio..., se:noVncPort: 7900, se:vnc: ws://172.18.0.4:4444/sessio..., se:vncEnabled: true, se:vncLocalAddress: ws://172.18.0.4:7900, setWindowRect: true, strictFileInteractability: false, timeouts: {implicit: 0, pageLoad: 300000, script: 30000}, unhandledPromptBehavior: dismiss and notify}
Session ID: 4ee88095-6413-45dc-88fa-a7cabc55b4e6
at org.openqa.selenium.remote.RemoteWebDriver.execute(RemoteWebDriver.java:567)
at org.openqa.selenium.remote.RemoteWebDriver.get(RemoteWebDriver.java:297)
at remoteTesting.dockerValidation.firefoxTest1.main(firefoxTest1.java:20)
at java.base/jdk.internal.reflect.NativeMethodAccessorImpl.invoke0(Native Method)
at java.base/jdk.internal.reflect.NativeMethodAccessorImpl.invoke(NativeMethodAccessorImpl.java:77)
at java.base/jdk.internal.reflect.DelegatingMethodAccessorImpl.invoke(DelegatingMethodAccessorImpl.java:43)
at java.base/java.lang.reflect.Method.invoke(Method.java:568)
at org.testng.internal.MethodInvocationHelper.invokeMethod(MethodInvocationHelper.java:133)
at org.testng.internal.TestInvoker.invokeMethod(TestInvoker.java:598)
at org.testng.internal.TestInvoker.invokeTestMethod(TestInvoker.java:173)
at org.testng.internal.MethodRunner.runInSequence(MethodRunner.java:46)
at org.testng.internal.TestInvoker$MethodInvocationAgent.invoke(TestInvoker.java:824)
at org.testng.internal.TestInvoker.invokeTestMethods(TestInvoker.java:146)
at org.testng.internal.TestMethodWorker.invokeTestMethods(TestMethodWorker.java:146)
at org.testng.internal.TestMethodWorker.run(TestMethodWorker.java:128)
at java.base/java.util.concurrent.ThreadPoolExecutor.runWorker(ThreadPoolExecutor.java:1136)
at java.base/java.util.concurrent.ThreadPoolExecutor$Worker.run(ThreadPoolExecutor.java:635)
at java.base/java.lang.Thread.run(Thread.java:833)
Caused by: java.io.UncheckedIOException: java.net.SocketException: Connection reset
at org.openqa.selenium.remote.http.netty.NettyHttpHandler.makeCall(NettyHttpHandler.java:73)
at org.openqa.selenium.remote.http.AddSeleniumUserAgent.lambda$apply$0(AddSeleniumUserAgent.java:42)
at org.openqa.selenium.remote.http.Filter.lambda$andFinally$1(Filter.java:56)
at org.openqa.selenium.remote.http.netty.NettyHttpHandler.execute(NettyHttpHandler.java:49)
at org.openqa.selenium.remote.http.AddSeleniumUserAgent.lambda$apply$0(AddSeleniumUserAgent.java:42)
at org.openqa.selenium.remote.http.Filter.lambda$andFinally$1(Filter.java:56)
at org.openqa.selenium.remote.http.netty.NettyClient.execute(NettyClient.java:99)
at org.openqa.selenium.remote.tracing.TracedHttpClient.execute(TracedHttpClient.java:55)
at org.openqa.selenium.remote.HttpCommandExecutor.execute(HttpCommandExecutor.java:181)
at org.openqa.selenium.remote.TracedCommandExecutor.execute(TracedCommandExecutor.java:51)
at org.openqa.selenium.remote.RemoteWebDriver.execute(RemoteWebDriver.java:543)
... 17 more
Caused by: java.net.SocketException: Connection reset
at java.base/sun.nio.ch.SocketChannelImpl.throwConnectionReset(SocketChannelImpl.java:394)
at java.base/sun.nio.ch.SocketChannelImpl.read(SocketChannelImpl.java:426)
at io.netty.buffer.PooledByteBuf.setBytes(PooledByteBuf.java:259)
at io.netty.buffer.AbstractByteBuf.writeBytes(AbstractByteBuf.java:1132)
at io.netty.channel.socket.nio.NioSocketChannel.doReadBytes(NioSocketChannel.java:357)
at io.netty.channel.nio.AbstractNioByteChannel$NioByteUnsafe.read(AbstractNioByteChannel.java:151)
at io.netty.channel.nio.NioEventLoop.processSelectedKey(NioEventLoop.java:788)
at io.netty.channel.nio.NioEventLoop.processSelectedKeysOptimized(NioEventLoop.java:724)
at io.netty.channel.nio.NioEventLoop.processSelectedKeys(NioEventLoop.java:650)
at io.netty.channel.nio.NioEventLoop.run(NioEventLoop.java:562)
at io.netty.util.concurrent.SingleThreadEventExecutor$4.run(SingleThreadEventExecutor.java:997)
at io.netty.util.internal.ThreadExecutorMap$2.run(ThreadExecutorMap.java:74)
at io.netty.util.concurrent.FastThreadLocalRunnable.run(FastThreadLocalRunnable.java:30)
... 1 more
]]>
    </error>
  </testcase> <!-- main -->
  <system-out/>
</testsuite> <!-- remoteTesting.dockerValidation.firefoxTest1 -->
